<?xml version="1.0" encoding="UTF-8"?>
<!-- Generated by org.testng.reporters.JUnitReportReporter -->
<testsuite hostname="Bharani" failures="0" tests="1" name="testng.Testcase2" time="6.336" errors="0" timestamp="2022-10-11T08:51:41 IST" skipped="0">
  <testcase classname="testng.Testcase2" name="forgotPassowrd" time="6.336"/>
  <system-out>
    <![CDATA[actiTIME - Login
https://demo.actitime.com/login.do]]>
  </system-out>
</testsuite> <!-- testng.Testcase2 -->
