<?xml version="1.0" encoding="UTF-8"?>
<!-- Generated by org.testng.reporters.JUnitReportReporter -->
<testsuite hostname="Bharani" failures="0" tests="1" name="testng.Test0" time="0.009" errors="0" timestamp="2022-10-08T08:38:22 IST" skipped="0">
  <testcase classname="testng.Test0" name="demo" time="0.009"/>
  <system-out>
    <![CDATA[hello selenium
hello java]]>
  </system-out>
</testsuite> <!-- testng.Test0 -->
