<?xml version="1.0" encoding="UTF-8"?>
<!-- Generated by org.testng.reporters.JUnitReportReporter -->
<testsuite hostname="Bharani" failures="0" tests="1" name="testng.Testcase3" time="6.299" errors="0" timestamp="2022-10-10T08:21:18 IST" skipped="0">
  <testcase classname="testng.Testcase3" name="actiitmeinx" time="6.299"/>
  <system-out>
    <![CDATA[actiTIME - Login
https://demo.actitime.com/login.do]]>
  </system-out>
</testsuite> <!-- testng.Testcase3 -->
