<?xml version="1.0" encoding="UTF-8"?>
<!-- Generated by org.testng.reporters.JUnitReportReporter -->
<testsuite hostname="Bharani" failures="0" tests="3" name="testng.Demo" time="91.896" errors="0" timestamp="2022-10-11T09:19:55 IST" skipped="0">
  <testcase classname="testng.Demo" name="tc1" time="30.268"/>
  <system-out/>
  <testcase classname="testng.Demo" name="tc1" time="31.340"/>
  <system-out/>
  <testcase classname="testng.Demo" name="tc1" time="30.288"/>
  <system-out/>
</testsuite> <!-- testng.Demo -->
