<?xml version="1.0" encoding="UTF-8"?>
<!-- Generated by org.testng.reporters.JUnitReportReporter -->
<testsuite hostname="Bharani" failures="0" tests="3" name="testng.Parallel" time="28.113" errors="0" timestamp="2022-10-10T08:54:05 IST" skipped="0">
  <testcase classname="testng.Parallel" name="demo" time="11.848"/>
  <system-out>
    <![CDATA[actiTIME - Login
https://demo.actitime.com/login.do]]>
  </system-out>
  <testcase classname="testng.Parallel" name="demo" time="8.487"/>
  <system-out>
    <![CDATA[actiTIME - Login
https://demo.actitime.com/login.do]]>
  </system-out>
  <testcase classname="testng.Parallel" name="demo" time="7.778"/>
  <system-out>
    <![CDATA[actiTIME - Login
https://demo.actitime.com/login.do]]>
  </system-out>
</testsuite> <!-- testng.Parallel -->
